# JRE version: OpenJDK Runtime Environment (21.0.8) (build 21.0.8+-14196175-b1038.72)
# Java VM: OpenJDK 64-Bit Server VM (21.0.8+-14196175-b1038.72, mixed mode, tiered, compressed oops, compressed class ptrs, g1 gc, windows-amd64)
GC Precious Log:
 CardTable entry size: 512
 Card Set container configuration: InlinePtr #cards 4 size 8 Array Of Cards #cards 16 size 48 Howl #buckets 8 coarsen threshold 3686 Howl Bitmap #cards 512 size 80 coarsen threshold 460 Card regions per heap region 1 cards per card region 4096
 CPUs: 8 total, 8 available
 Memory: 16105M
 Large Page Support: Disabled
 NUMA Support: Disabled
 Compressed Oops: Enabled (Zero based)
 Heap Region Size: 2M
 Heap Min Capacity: 8M
 Heap Initial Capacity: 252M
 Heap Max Capacity: 4028M
 Pre-touch: Disabled
 Parallel Workers: 8
 Concurrent Workers: 2
 Concurrent Refinement Workers: 8
 Periodic GC: Disabled
Heap:
 garbage-first heap   total 83968K, used 54175K [0x0000000704400000, 0x0000000800000000)
  region size 2048K, 14 young (28672K), 3 survivors (6144K)
 Metaspace       used 50702K, committed 51392K, reserved 1114112K
  class space    used 6131K, committed 6464K, reserved 1048576K
GC Heap History (18 events):
Event: 7.503 GC heap before
{Heap before GC invocations=0 (full 0):
 garbage-first heap   total 258048K, used 26624K [0x0000000704400000, 0x0000000800000000)
  region size 2048K, 11 young (22528K), 0 survivors (0K)
 Metaspace       used 14420K, committed 14592K, reserved 1114112K
  class space    used 1439K, committed 1536K, reserved 1048576K
}
Event: 7.506 GC heap after
{Heap after GC invocations=1 (full 0):
 garbage-first heap   total 258048K, used 7082K [0x0000000704400000, 0x0000000800000000)
  region size 2048K, 2 young (4096K), 2 survivors (4096K)
 Metaspace       used 14420K, committed 14592K, reserved 1114112K
  class space    used 1439K, committed 1536K, reserved 1048576K
}
Event: 8.346 GC heap before
{Heap before GC invocations=1 (full 0):
 garbage-first heap   total 258048K, used 27562K [0x0000000704400000, 0x0000000800000000)
  region size 2048K, 13 young (26624K), 2 survivors (4096K)
 Metaspace       used 21342K, committed 21504K, reserved 1114112K
  class space    used 2283K, committed 2368K, reserved 1048576K
}
Event: 8.350 GC heap after
{Heap after GC invocations=2 (full 0):
 garbage-first heap   total 258048K, used 8192K [0x0000000704400000, 0x0000000800000000)
  region size 2048K, 2 young (4096K), 2 survivors (4096K)
 Metaspace       used 21342K, committed 21504K, reserved 1114112K
  class space    used 2283K, committed 2368K, reserved 1048576K
}
Event: 9.169 GC heap before
{Heap before GC invocations=3 (full 0):
 garbage-first heap   total 28672K, used 28672K [0x0000000704400000, 0x0000000800000000)
  region size 2048K, 11 young (22528K), 2 survivors (4096K)
 Metaspace       used 24394K, committed 24640K, reserved 1114112K
  class space    used 2933K, committed 3008K, reserved 1048576K
}
Event: 9.176 GC heap after
{Heap after GC invocations=4 (full 0):
 garbage-first heap   total 36864K, used 13816K [0x0000000704400000, 0x0000000800000000)
  region size 2048K, 4 young (8192K), 4 survivors (8192K)
 Metaspace       used 24394K, committed 24640K, reserved 1114112K
  class space    used 2933K, committed 3008K, reserved 1048576K
}
Event: 9.518 GC heap before
{Heap before GC invocations=4 (full 0):
 garbage-first heap   total 36864K, used 26104K [0x0000000704400000, 0x0000000800000000)
  region size 2048K, 10 young (20480K), 4 survivors (8192K)
 Metaspace       used 25948K, committed 26112K, reserved 1114112K
  class space    used 3303K, committed 3392K, reserved 1048576K
}
Event: 9.528 GC heap after
{Heap after GC invocations=5 (full 0):
 garbage-first heap   total 38912K, used 16666K [0x0000000704400000, 0x0000000800000000)
  region size 2048K, 2 young (4096K), 2 survivors (4096K)
 Metaspace       used 25948K, committed 26112K, reserved 1114112K
  class space    used 3303K, committed 3392K, reserved 1048576K
}
Event: 9.937 GC heap before
{Heap before GC invocations=5 (full 0):
 garbage-first heap   total 38912K, used 28954K [0x0000000704400000, 0x0000000800000000)
  region size 2048K, 8 young (16384K), 2 survivors (4096K)
 Metaspace       used 29535K, committed 29824K, reserved 1114112K
  class space    used 3710K, committed 3840K, reserved 1048576K
}
Event: 9.944 GC heap after
{Heap after GC invocations=6 (full 0):
 garbage-first heap   total 38912K, used 17930K [0x0000000704400000, 0x0000000800000000)
  region size 2048K, 1 young (2048K), 1 survivors (2048K)
 Metaspace       used 29535K, committed 29824K, reserved 1114112K
  class space    used 3710K, committed 3840K, reserved 1048576K
}
Event: 10.914 GC heap before
{Heap before GC invocations=6 (full 0):
 garbage-first heap   total 38912K, used 32266K [0x0000000704400000, 0x0000000800000000)
  region size 2048K, 8 young (16384K), 1 survivors (2048K)
 Metaspace       used 32469K, committed 32704K, reserved 1114112K
  class space    used 4041K, committed 4160K, reserved 1048576K
}
Event: 10.920 GC heap after
{Heap after GC invocations=7 (full 0):
 garbage-first heap   total 38912K, used 17715K [0x0000000704400000, 0x0000000800000000)
  region size 2048K, 1 young (2048K), 1 survivors (2048K)
 Metaspace       used 32469K, committed 32704K, reserved 1114112K
  class space    used 4041K, committed 4160K, reserved 1048576K
}
Event: 11.267 GC heap before
{Heap before GC invocations=7 (full 0):
 garbage-first heap   total 38912K, used 30003K [0x0000000704400000, 0x0000000800000000)
  region size 2048K, 8 young (16384K), 1 survivors (2048K)
 Metaspace       used 35520K, committed 35712K, reserved 1114112K
  class space    used 4280K, committed 4352K, reserved 1048576K
}
Event: 11.274 GC heap after
{Heap after GC invocations=8 (full 0):
 garbage-first heap   total 38912K, used 19354K [0x0000000704400000, 0x0000000800000000)
  region size 2048K, 1 young (2048K), 1 survivors (2048K)
 Metaspace       used 35520K, committed 35712K, reserved 1114112K
  class space    used 4280K, committed 4352K, reserved 1048576K
}
Event: 11.299 GC heap before
{Heap before GC invocations=8 (full 0):
 garbage-first heap   total 38912K, used 19354K [0x0000000704400000, 0x0000000800000000)
  region size 2048K, 2 young (4096K), 1 survivors (2048K)
 Metaspace       used 35787K, committed 35968K, reserved 1114112K
  class space    used 4301K, committed 4416K, reserved 1048576K
}
Event: 11.304 GC heap after
{Heap after GC invocations=9 (full 0):
 garbage-first heap   total 149504K, used 19545K [0x0000000704400000, 0x0000000800000000)
  region size 2048K, 1 young (2048K), 1 survivors (2048K)
 Metaspace       used 35787K, committed 35968K, reserved 1114112K
  class space    used 4301K, committed 4416K, reserved 1048576K
}
Event: 14.443 GC heap before
{Heap before GC invocations=10 (full 0):
 garbage-first heap   total 75776K, used 70745K [0x0000000704400000, 0x0000000800000000)
  region size 2048K, 27 young (55296K), 1 survivors (2048K)
 Metaspace       used 44981K, committed 45632K, reserved 1114112K
  class space    used 5460K, committed 5760K, reserved 1048576K
}
Event: 14.464 GC heap after
{Heap after GC invocations=11 (full 0):
 garbage-first heap   total 83968K, used 26014K [0x0000000704400000, 0x0000000800000000)
  region size 2048K, 4 young (8192K), 4 survivors (8192K)
 Metaspace       used 44981K, committed 45632K, reserved 1114112K
  class space    used 5460K, committed 5760K, reserved 1048576K
}

