# JRE version: OpenJDK Runtime Environment (21.0.8) (build 21.0.8+-14196175-b1038.72)
# Java VM: OpenJDK 64-Bit Server VM (21.0.8+-14196175-b1038.72, mixed mode, tiered, compressed oops, compressed class ptrs, g1 gc, windows-amd64)
GC Precious Log:
 CardTable entry size: 512
 Card Set container configuration: InlinePtr #cards 5 size 8 Array Of Cards #cards 12 size 40 Howl #buckets 4 coarsen threshold 1843 Howl Bitmap #cards 512 size 80 coarsen threshold 460 Card regions per heap region 1 cards per card region 2048
 CPUs: 8 total, 8 available
 Memory: 16105M
 Large Page Support: Disabled
 NUMA Support: Disabled
 Compressed Oops: Enabled (32-bit)
 Heap Region Size: 1M
 Heap Min Capacity: 8M
 Heap Initial Capacity: 252M
 Heap Max Capacity: 2G
 Pre-touch: Disabled
 Parallel Workers: 8
 Concurrent Workers: 2
 Concurrent Refinement Workers: 8
 Periodic GC: Disabled
Heap:
 garbage-first heap   total 81920K, used 74677K [0x0000000080000000, 0x0000000100000000)
  region size 1024K, 20 young (20480K), 3 survivors (3072K)
 Metaspace       used 60961K, committed 62528K, reserved 1114112K
  class space    used 8588K, committed 9344K, reserved 1048576K
GC Heap History (20 events):
Event: 30.552 GC heap after
{Heap after GC invocations=7 (full 0):
 garbage-first heap   total 68608K, used 24576K [0x0000000080000000, 0x0000000100000000)
  region size 1024K, 4 young (4096K), 4 survivors (4096K)
 Metaspace       used 35071K, committed 35968K, reserved 1114112K
  class space    used 4920K, committed 5376K, reserved 1048576K
}
Event: 47.259 GC heap before
{Heap before GC invocations=8 (full 0):
 garbage-first heap   total 68608K, used 58368K [0x0000000080000000, 0x0000000100000000)
  region size 1024K, 37 young (37888K), 4 survivors (4096K)
 Metaspace       used 41635K, committed 42688K, reserved 1114112K
  class space    used 5759K, committed 6272K, reserved 1048576K
}
Event: 47.266 GC heap after
{Heap after GC invocations=9 (full 0):
 garbage-first heap   total 68608K, used 27374K [0x0000000080000000, 0x0000000100000000)
  region size 1024K, 5 young (5120K), 5 survivors (5120K)
 Metaspace       used 41635K, committed 42688K, reserved 1114112K
  class space    used 5759K, committed 6272K, reserved 1048576K
}
Event: 49.975 GC heap before
{Heap before GC invocations=9 (full 0):
 garbage-first heap   total 68608K, used 57070K [0x0000000080000000, 0x0000000100000000)
  region size 1024K, 35 young (35840K), 5 survivors (5120K)
 Metaspace       used 44515K, committed 45632K, reserved 1114112K
  class space    used 6098K, committed 6592K, reserved 1048576K
}
Event: 49.986 GC heap after
{Heap after GC invocations=10 (full 0):
 garbage-first heap   total 68608K, used 30567K [0x0000000080000000, 0x0000000100000000)
  region size 1024K, 4 young (4096K), 4 survivors (4096K)
 Metaspace       used 44515K, committed 45632K, reserved 1114112K
  class space    used 6098K, committed 6592K, reserved 1048576K
}
Event: 52.211 GC heap before
{Heap before GC invocations=10 (full 0):
 garbage-first heap   total 68608K, used 59239K [0x0000000080000000, 0x0000000100000000)
  region size 1024K, 31 young (31744K), 4 survivors (4096K)
 Metaspace       used 47336K, committed 48512K, reserved 1114112K
  class space    used 6479K, committed 7040K, reserved 1048576K
}
Event: 52.215 GC heap after
{Heap after GC invocations=11 (full 0):
 garbage-first heap   total 68608K, used 31562K [0x0000000080000000, 0x0000000100000000)
  region size 1024K, 2 young (2048K), 2 survivors (2048K)
 Metaspace       used 47336K, committed 48512K, reserved 1114112K
  class space    used 6479K, committed 7040K, reserved 1048576K
}
Event: 53.534 GC heap before
{Heap before GC invocations=11 (full 0):
 garbage-first heap   total 68608K, used 59210K [0x0000000080000000, 0x0000000100000000)
  region size 1024K, 29 young (29696K), 2 survivors (2048K)
 Metaspace       used 50767K, committed 52160K, reserved 1114112K
  class space    used 7065K, committed 7744K, reserved 1048576K
}
Event: 53.537 GC heap after
{Heap after GC invocations=12 (full 0):
 garbage-first heap   total 68608K, used 33228K [0x0000000080000000, 0x0000000100000000)
  region size 1024K, 4 young (4096K), 4 survivors (4096K)
 Metaspace       used 50767K, committed 52160K, reserved 1114112K
  class space    used 7065K, committed 7744K, reserved 1048576K
}
Event: 57.599 GC heap before
{Heap before GC invocations=12 (full 0):
 garbage-first heap   total 68608K, used 57804K [0x0000000080000000, 0x0000000100000000)
  region size 1024K, 29 young (29696K), 4 survivors (4096K)
 Metaspace       used 54268K, committed 55616K, reserved 1114112K
  class space    used 7593K, committed 8256K, reserved 1048576K
}
Event: 57.603 GC heap after
{Heap after GC invocations=13 (full 0):
 garbage-first heap   total 68608K, used 35184K [0x0000000080000000, 0x0000000100000000)
  region size 1024K, 4 young (4096K), 4 survivors (4096K)
 Metaspace       used 54268K, committed 55616K, reserved 1114112K
  class space    used 7593K, committed 8256K, reserved 1048576K
}
Event: 60.150 GC heap before
{Heap before GC invocations=13 (full 0):
 garbage-first heap   total 68608K, used 59760K [0x0000000080000000, 0x0000000100000000)
  region size 1024K, 28 young (28672K), 4 survivors (4096K)
 Metaspace       used 57188K, committed 58688K, reserved 1114112K
  class space    used 8104K, committed 8832K, reserved 1048576K
}
Event: 60.168 GC heap after
{Heap after GC invocations=14 (full 0):
 garbage-first heap   total 68608K, used 36918K [0x0000000080000000, 0x0000000100000000)
  region size 1024K, 4 young (4096K), 4 survivors (4096K)
 Metaspace       used 57188K, committed 58688K, reserved 1114112K
  class space    used 8104K, committed 8832K, reserved 1048576K
}
Event: 81.357 GC heap before
{Heap before GC invocations=15 (full 0):
 garbage-first heap   total 68608K, used 59446K [0x0000000080000000, 0x0000000100000000)
  region size 1024K, 26 young (26624K), 4 survivors (4096K)
 Metaspace       used 59521K, committed 61056K, reserved 1114112K
  class space    used 8435K, committed 9152K, reserved 1048576K
}
Event: 81.377 GC heap after
{Heap after GC invocations=16 (full 0):
 garbage-first heap   total 68608K, used 39264K [0x0000000080000000, 0x0000000100000000)
  region size 1024K, 4 young (4096K), 4 survivors (4096K)
 Metaspace       used 59521K, committed 61056K, reserved 1114112K
  class space    used 8435K, committed 9152K, reserved 1048576K
}
Event: 104.647 GC heap before
{Heap before GC invocations=16 (full 0):
 garbage-first heap   total 68608K, used 58720K [0x0000000080000000, 0x0000000100000000)
  region size 1024K, 24 young (24576K), 4 survivors (4096K)
 Metaspace       used 60028K, committed 61568K, reserved 1114112K
  class space    used 8466K, committed 9216K, reserved 1048576K
}
Event: 104.653 GC heap after
{Heap after GC invocations=17 (full 0):
 garbage-first heap   total 68608K, used 42864K [0x0000000080000000, 0x0000000100000000)
  region size 1024K, 3 young (3072K), 3 survivors (3072K)
 Metaspace       used 60028K, committed 61568K, reserved 1114112K
  class space    used 8466K, committed 9216K, reserved 1048576K
}
Event: 104.857 GC heap before
{Heap before GC invocations=17 (full 0):
 garbage-first heap   total 68608K, used 47984K [0x0000000080000000, 0x0000000100000000)
  region size 1024K, 10 young (10240K), 3 survivors (3072K)
 Metaspace       used 60212K, committed 61696K, reserved 1114112K
  class space    used 8484K, committed 9216K, reserved 1048576K
}
Event: 104.860 GC heap after
{Heap after GC invocations=18 (full 0):
 garbage-first heap   total 68608K, used 43957K [0x0000000080000000, 0x0000000100000000)
  region size 1024K, 1 young (1024K), 1 survivors (1024K)
 Metaspace       used 60212K, committed 61696K, reserved 1114112K
  class space    used 8484K, committed 9216K, reserved 1048576K
}
Event: 106.989 GC heap before
{Heap before GC invocations=19 (full 0):
 garbage-first heap   total 78848K, used 73653K [0x0000000080000000, 0x0000000100000000)
  region size 1024K, 18 young (18432K), 1 survivors (1024K)
 Metaspace       used 60961K, committed 62528K, reserved 1114112K
  class space    used 8588K, committed 9344K, reserved 1048576K
}

